# JRE version: Java(TM) SE Runtime Environment (8.0_221-b11) (build 1.8.0_221-b11)
# Java VM: Java HotSpot(TM) 64-Bit Server VM (25.221-b11 mixed mode windows-amd64 compressed oops)
Heap:
 PSYoungGen      total 208384K, used 76427K [0x00000000d6300000, 0x00000000e4680000, 0x0000000100000000)
  eden space 196096K, 32% used [0x00000000d6300000,0x00000000da1a3108,0x00000000e2280000)
  from space 12288K, 99% used [0x00000000e2f00000,0x00000000e3affaf8,0x00000000e3b00000)
  to   space 12800K, 0% used [0x00000000e2280000,0x00000000e2280000,0x00000000e2f00000)
 ParOldGen       total 102400K, used 24239K [0x0000000082800000, 0x0000000088c00000, 0x00000000d6300000)
  object space 102400K, 23% used [0x0000000082800000,0x0000000083fabd28,0x0000000088c00000)
 Metaspace       used 50765K, capacity 51396K, committed 51752K, reserved 1093632K
  class space    used 6426K, capacity 6586K, committed 6696K, reserved 1048576K
GC Heap History (10 events):
Event: 10.205 GC heap before
{Heap before GC invocations=14 (full 1):
 PSYoungGen      total 164352K, used 83185K [0x00000000d6300000, 0x00000000e1200000, 0x0000000100000000)
  eden space 155648K, 47% used [0x00000000d6300000,0x00000000dabbe900,0x00000000dfb00000)
  from space 8704K, 99% used [0x00000000e0600000,0x00000000e0e7dcf0,0x00000000e0e80000)
  to   space 11264K, 0% used [0x00000000dfb00000,0x00000000dfb00000,0x00000000e0600000)
 ParOldGen       total 58368K, used 18575K [0x0000000082800000, 0x0000000086100000, 0x00000000d6300000)
  object space 58368K, 31% used [0x0000000082800000,0x0000000083a23e38,0x0000000086100000)
 Metaspace       used 34953K, capacity 35284K, committed 35496K, reserved 1081344K
  class space    used 4317K, capacity 4423K, committed 4520K, reserved 1048576K
Event: 10.218 GC heap after
Heap after GC invocations=14 (full 1):
 PSYoungGen      total 166912K, used 10180K [0x00000000d6300000, 0x00000000e3b00000, 0x0000000100000000)
  eden space 155648K, 0% used [0x00000000d6300000,0x00000000d6300000,0x00000000dfb00000)
  from space 11264K, 90% used [0x00000000dfb00000,0x00000000e04f12a8,0x00000000e0600000)
  to   space 12288K, 0% used [0x00000000e2f00000,0x00000000e2f00000,0x00000000e3b00000)
 ParOldGen       total 58368K, used 19575K [0x0000000082800000, 0x0000000086100000, 0x00000000d6300000)
  object space 58368K, 33% used [0x0000000082800000,0x0000000083b1de38,0x0000000086100000)
 Metaspace       used 34953K, capacity 35284K, committed 35496K, reserved 1081344K
  class space    used 4317K, capacity 4423K, committed 4520K, reserved 1048576K
}
Event: 10.218 GC heap before
{Heap before GC invocations=15 (full 2):
 PSYoungGen      total 166912K, used 10180K [0x00000000d6300000, 0x00000000e3b00000, 0x0000000100000000)
  eden space 155648K, 0% used [0x00000000d6300000,0x00000000d6300000,0x00000000dfb00000)
  from space 11264K, 90% used [0x00000000dfb00000,0x00000000e04f12a8,0x00000000e0600000)
  to   space 12288K, 0% used [0x00000000e2f00000,0x00000000e2f00000,0x00000000e3b00000)
 ParOldGen       total 58368K, used 19575K [0x0000000082800000, 0x0000000086100000, 0x00000000d6300000)
  object space 58368K, 33% used [0x0000000082800000,0x0000000083b1de38,0x0000000086100000)
 Metaspace       used 34953K, capacity 35284K, committed 35496K, reserved 1081344K
  class space    used 4317K, capacity 4423K, committed 4520K, reserved 1048576K
Event: 10.308 GC heap after
Heap after GC invocations=15 (full 2):
 PSYoungGen      total 166912K, used 0K [0x00000000d6300000, 0x00000000e3b00000, 0x0000000100000000)
  eden space 155648K, 0% used [0x00000000d6300000,0x00000000d6300000,0x00000000dfb00000)
  from space 11264K, 0% used [0x00000000dfb00000,0x00000000dfb00000,0x00000000e0600000)
  to   space 12288K, 0% used [0x00000000e2f00000,0x00000000e2f00000,0x00000000e3b00000)
 ParOldGen       total 102400K, used 21722K [0x0000000082800000, 0x0000000088c00000, 0x00000000d6300000)
  object space 102400K, 21% used [0x0000000082800000,0x0000000083d36be0,0x0000000088c00000)
 Metaspace       used 34953K, capacity 35284K, committed 35496K, reserved 1081344K
  class space    used 4317K, capacity 4423K, committed 4520K, reserved 1048576K
}
Event: 12.948 GC heap before
{Heap before GC invocations=16 (full 2):
 PSYoungGen      total 166912K, used 155648K [0x00000000d6300000, 0x00000000e3b00000, 0x0000000100000000)
  eden space 155648K, 100% used [0x00000000d6300000,0x00000000dfb00000,0x00000000dfb00000)
  from space 11264K, 0% used [0x00000000dfb00000,0x00000000dfb00000,0x00000000e0600000)
  to   space 12288K, 0% used [0x00000000e2f00000,0x00000000e2f00000,0x00000000e3b00000)
 ParOldGen       total 102400K, used 21722K [0x0000000082800000, 0x0000000088c00000, 0x00000000d6300000)
  object space 102400K, 21% used [0x0000000082800000,0x0000000083d36be0,0x0000000088c00000)
 Metaspace       used 41584K, capacity 42092K, committed 42408K, reserved 1087488K
  class space    used 5100K, capacity 5228K, committed 5288K, reserved 1048576K
Event: 13.058 GC heap after
Heap after GC invocations=16 (full 2):
 PSYoungGen      total 208384K, used 9411K [0x00000000d6300000, 0x00000000e4680000, 0x0000000100000000)
  eden space 196096K, 0% used [0x00000000d6300000,0x00000000d6300000,0x00000000e2280000)
  from space 12288K, 76% used [0x00000000e2f00000,0x00000000e3830f20,0x00000000e3b00000)
  to   space 12800K, 0% used [0x00000000e2280000,0x00000000e2280000,0x00000000e2f00000)
 ParOldGen       total 102400K, used 21730K [0x0000000082800000, 0x0000000088c00000, 0x00000000d6300000)
  object space 102400K, 21% used [0x0000000082800000,0x0000000083d38be0,0x0000000088c00000)
 Metaspace       used 41584K, capacity 42092K, committed 42408K, reserved 1087488K
  class space    used 5100K, capacity 5228K, committed 5288K, reserved 1048576K
}
Event: 14.895 GC heap before
{Heap before GC invocations=17 (full 2):
 PSYoungGen      total 208384K, used 205507K [0x00000000d6300000, 0x00000000e4680000, 0x0000000100000000)
  eden space 196096K, 100% used [0x00000000d6300000,0x00000000e2280000,0x00000000e2280000)
  from space 12288K, 76% used [0x00000000e2f00000,0x00000000e3830f20,0x00000000e3b00000)
  to   space 12800K, 0% used [0x00000000e2280000,0x00000000e2280000,0x00000000e2f00000)
 ParOldGen       total 102400K, used 21730K [0x0000000082800000, 0x0000000088c00000, 0x00000000d6300000)
  object space 102400K, 21% used [0x0000000082800000,0x0000000083d38be0,0x0000000088c00000)
 Metaspace       used 47227K, capacity 47780K, committed 48168K, reserved 1091584K
  class space    used 5960K, capacity 6096K, committed 6184K, reserved 1048576K
Event: 14.929 GC heap after
Heap after GC invocations=17 (full 2):
 PSYoungGen      total 208896K, used 12774K [0x00000000d6300000, 0x00000000e4680000, 0x0000000100000000)
  eden space 196096K, 0% used [0x00000000d6300000,0x00000000d6300000,0x00000000e2280000)
  from space 12800K, 99% used [0x00000000e2280000,0x00000000e2ef9ad0,0x00000000e2f00000)
  to   space 12288K, 0% used [0x00000000e2f00000,0x00000000e2f00000,0x00000000e3b00000)
 ParOldGen       total 102400K, used 21746K [0x0000000082800000, 0x0000000088c00000, 0x00000000d6300000)
  object space 102400K, 21% used [0x0000000082800000,0x0000000083d3cbe0,0x0000000088c00000)
 Metaspace       used 47227K, capacity 47780K, committed 48168K, reserved 1091584K
  class space    used 5960K, capacity 6096K, committed 6184K, reserved 1048576K
}
Event: 16.858 GC heap before
{Heap before GC invocations=18 (full 2):
 PSYoungGen      total 208896K, used 208870K [0x00000000d6300000, 0x00000000e4680000, 0x0000000100000000)
  eden space 196096K, 100% used [0x00000000d6300000,0x00000000e2280000,0x00000000e2280000)
  from space 12800K, 99% used [0x00000000e2280000,0x00000000e2ef9ad0,0x00000000e2f00000)
  to   space 12288K, 0% used [0x00000000e2f00000,0x00000000e2f00000,0x00000000e3b00000)
 ParOldGen       total 102400K, used 21746K [0x0000000082800000, 0x0000000088c00000, 0x00000000d6300000)
  object space 102400K, 21% used [0x0000000082800000,0x0000000083d3cbe0,0x0000000088c00000)
 Metaspace       used 50208K, capacity 50740K, committed 51112K, reserved 1093632K
  class space    used 6370K, capacity 6520K, committed 6568K, reserved 1048576K
Event: 16.878 GC heap after
Heap after GC invocations=18 (full 2):
 PSYoungGen      total 208384K, used 12286K [0x00000000d6300000, 0x00000000e4680000, 0x0000000100000000)
  eden space 196096K, 0% used [0x00000000d6300000,0x00000000d6300000,0x00000000e2280000)
  from space 12288K, 99% used [0x00000000e2f00000,0x00000000e3affaf8,0x00000000e3b00000)
  to   space 12800K, 0% used [0x00000000e2280000,0x00000000e2280000,0x00000000e2f00000)
 ParOldGen       total 102400K, used 24239K [0x0000000082800000, 0x0000000088c00000, 0x00000000d6300000)
  object space 102400K, 23% used [0x0000000082800000,0x0000000083fabd28,0x0000000088c00000)
 Metaspace       used 50208K, capacity 50740K, committed 51112K, reserved 1093632K
  class space    used 6370K, capacity 6520K, committed 6568K, reserved 1048576K
}

